16/Aug/2019:14:37:34 -0500 [34] -> GET / HTTP/1.1
16/Aug/2019:14:37:35 -0500 [34] <- 302 - 832ms
16/Aug/2019:14:37:35 -0500 [35] -> GET / HTTP/1.1
16/Aug/2019:14:37:35 -0500 [35] <- 302 - 8ms
16/Aug/2019:14:37:35 -0500 [36] -> GET /system/sling.js HTTP/1.1
16/Aug/2019:14:37:35 -0500 [37] -> GET /system/sling.js HTTP/1.1
16/Aug/2019:14:37:35 -0500 [37] <- 200 application/javascript 66ms
16/Aug/2019:14:37:35 -0500 [36] <- 304 - 290ms
16/Aug/2019:14:37:38 -0500 [38] -> GET /system/sling/info.sessionInfo.json HTTP/1.1
16/Aug/2019:14:37:38 -0500 [38] <- 200 application/json 88ms
16/Aug/2019:14:37:50 -0500 [39] -> GET /content HTTP/1.1
16/Aug/2019:14:37:50 -0500 [39] <- 302 - 4ms
16/Aug/2019:14:37:50 -0500 [40] -> GET /system/sling/info.sessionInfo.json HTTP/1.1
16/Aug/2019:14:37:50 -0500 [40] <- 200 application/json 31ms
16/Aug/2019:14:38:04 -0500 [41] -> GET /content.json HTTP/1.1
16/Aug/2019:14:38:04 -0500 [41] <- 200 application/json 783ms
16/Aug/2019:14:38:26 -0500 [42] -> GET /content.4.json HTTP/1.1
16/Aug/2019:14:38:26 -0500 [42] <- 200 application/json 276ms
16/Aug/2019:14:39:25 -0500 [43] -> GET /content/podcasts.4.json HTTP/1.1
16/Aug/2019:14:39:25 -0500 [43] <- 404 text/html 440ms
16/Aug/2019:14:40:07 -0500 [44] -> GET /content.json HTTP/1.1
16/Aug/2019:14:40:07 -0500 [44] <- 200 application/json 9ms
16/Aug/2019:14:41:42 -0500 [45] -> GET /content/podcasts.json HTTP/1.1
16/Aug/2019:14:41:42 -0500 [45] <- 404 text/html 26ms
16/Aug/2019:14:41:58 -0500 [46] -> GET /content/podcasts.4.json HTTP/1.1
16/Aug/2019:14:41:58 -0500 [46] <- 404 text/html 21ms
16/Aug/2019:14:51:38 -0500 [47] -> GET /apps/components/podcasts.html HTTP/1.1
16/Aug/2019:14:51:38 -0500 [47] <- 404 text/html 15ms
16/Aug/2019:14:53:28 -0500 [48] -> GET /apps/components/podcasts/html.html HTTP/1.1
16/Aug/2019:14:53:28 -0500 [48] <- 404 text/html 12ms
16/Aug/2019:14:56:00 -0500 [49] -> GET /apps/components/podcasts/html.html HTTP/1.1
16/Aug/2019:14:56:00 -0500 [49] <- 404 text/html 15ms
16/Aug/2019:14:58:46 -0500 [50] -> GET /apps/components/podcasts/html.html HTTP/1.1
16/Aug/2019:14:58:46 -0500 [50] <- 404 text/html 7ms
